
> @auction/admin@0.1.0 build /Users/bumsuklee/git/auction/auction-001/apps/admin
> next build

 ⚠ Warning: Next.js inferred your workspace root, but it may not be correct.
 We detected multiple lockfiles and selected the directory of /Users/bumsuklee/pnpm-lock.yaml as the root directory.
 To silence this warning, set `outputFileTracingRoot` in your Next.js config, or consider removing one of the lockfiles if it's not needed.
   See https://nextjs.org/docs/app/api-reference/config/next-config-js/output#caveats for more information.
 Detected additional lockfiles: 
   * /Users/bumsuklee/git/auction/auction-001/pnpm-lock.yaml

   ▲ Next.js 15.5.9
   - Environments: .env.local

   Creating an optimized production build ...
 ✓ Compiled successfully in 2.6s
   Linting and checking validity of types ...
   Collecting page data ...
   Generating static pages (0/16) ...
   Generating static pages (4/16) 
   Generating static pages (8/16) 
   Generating static pages (12/16) 
 ✓ Generating static pages (16/16)
   Finalizing page optimization ...
   Collecting build traces ...

Route (app)                                 Size  First Load JS
┌ ○ /                                      160 B         105 kB
├ ○ /_not-found                            996 B         103 kB
├ ƒ /api/auth/login                        135 B         102 kB
├ ƒ /api/auth/logout                       135 B         102 kB
├ ƒ /api/products                          135 B         102 kB
├ ƒ /api/products/upload                   135 B         102 kB
├ ○ /banners                             2.58 kB         115 kB
├ ○ /login                               2.26 kB         104 kB
├ ○ /payments                            2.71 kB         115 kB
├ ○ /points                              2.25 kB         114 kB
├ ○ /products                            4.45 kB         120 kB
├ ƒ /products/[id]                       4.29 kB         299 kB
├ ○ /products/new                        4.62 kB         299 kB
├ ○ /users                                2.8 kB         115 kB
└ ○ /visitors                            2.55 kB         115 kB
+ First Load JS shared by all             102 kB
  ├ chunks/498-ad4e539d948e058e.js       45.8 kB
  ├ chunks/c476d598-9099ed8b975ae1d6.js  54.2 kB
  └ other shared chunks (total)          1.93 kB


ƒ Middleware                             34.1 kB

○  (Static)   prerendered as static content
ƒ  (Dynamic)  server-rendered on demand

