
> @auction/user@0.1.0 build /Users/bumsuklee/git/auction/auction-001/apps/user
> next build

 ⚠ Warning: Next.js inferred your workspace root, but it may not be correct.
 We detected multiple lockfiles and selected the directory of /Users/bumsuklee/pnpm-lock.yaml as the root directory.
 To silence this warning, set `outputFileTracingRoot` in your Next.js config, or consider removing one of the lockfiles if it's not needed.
   See https://nextjs.org/docs/app/api-reference/config/next-config-js/output#caveats for more information.
 Detected additional lockfiles: 
   * /Users/bumsuklee/git/auction/auction-001/pnpm-lock.yaml

   ▲ Next.js 15.5.9
   - Environments: .env.local

   Creating an optimized production build ...
 ✓ Compiled successfully in 1999ms
   Linting and checking validity of types ...
   Collecting page data ...
   Generating static pages (0/20) ...
   Generating static pages (5/20) 
   Generating static pages (10/20) 
   Generating static pages (15/20) 
 ✓ Generating static pages (20/20)
   Finalizing page optimization ...
   Collecting build traces ...

Route (app)                                 Size  First Load JS
┌ ○ /                                    6.31 kB         125 kB
├ ○ /_not-found                            989 B         103 kB
├ ƒ /api/auth/[provider]                   126 B         102 kB
├ ƒ /api/auth/callback                     126 B         102 kB
├ ƒ /auctions/[id]                       44.8 kB         163 kB
├ ○ /auth/error                          2.15 kB         104 kB
├ ○ /auth/login                          3.46 kB         112 kB
├ ○ /auth/success                        1.22 kB         103 kB
├ ○ /mypage                              2.56 kB         108 kB
├ ○ /mypage/addresses                    2.12 kB         104 kB
├ ○ /mypage/bids                         2.17 kB         107 kB
├ ○ /mypage/coupons                      2.07 kB         104 kB
├ ○ /mypage/notifications                1.98 kB         104 kB
├ ○ /mypage/orders                       1.79 kB         104 kB
├ ○ /mypage/payments                     1.87 kB         104 kB
├ ○ /mypage/points                       1.89 kB         104 kB
├ ○ /mypage/profile                      2.09 kB         104 kB
├ ○ /mypage/verification                 1.99 kB         104 kB
├ ○ /mypage/wishlist                      1.9 kB         107 kB
└ ○ /mypage/won                          2.12 kB         107 kB
+ First Load JS shared by all             102 kB
  ├ chunks/498-ad4e539d948e058e.js       45.8 kB
  ├ chunks/c476d598-9099ed8b975ae1d6.js  54.2 kB
  └ other shared chunks (total)          1.92 kB


○  (Static)   prerendered as static content
ƒ  (Dynamic)  server-rendered on demand

